2020-08-30 12:55:38,473 - logger.py -  INFO - 测试模块--提交Bug功能--:查找元素:('xpath', '//*[@id="mainmenu"]/ul/li[4]/a')
2020-08-30 12:55:39,496 - logger.py -  INFO - 测试模块--提交Bug功能--:点击元素('xpath', '//*[@id="mainmenu"]/ul/li[4]/a')
2020-08-30 12:55:39,646 - logger.py -  INFO - 测试模块--提交Bug功能--:查找元素:('xpath', '//*[@id="modulemenu"]/ul/li[2]/a')
2020-08-30 12:55:39,658 - logger.py -  INFO - 测试模块--提交Bug功能--:点击元素('xpath', '//*[@id="modulemenu"]/ul/li[2]/a')
2020-08-30 12:55:39,872 - logger.py -  INFO - 测试模块--提交Bug功能--:查找元素:('xpath', '//*[@id="createActionMenu"]/a')
2020-08-30 12:55:39,895 - logger.py -  INFO - 测试模块--提交Bug功能--:点击元素('xpath', '//*[@id="createActionMenu"]/a')
2020-08-30 12:55:40,389 - logger.py -  INFO - 测试模块--提交Bug功能--:查找元素:('css selector', '#module_chosen')
2020-08-30 12:55:40,400 - logger.py -  INFO - 测试模块--提交Bug功能--:点击元素('css selector', '#module_chosen')
2020-08-30 12:55:40,450 - logger.py -  INFO - 测试模块--提交Bug功能--:查找元素:('xpath', '//*[@id="module_chosen"]/div/ul/li[5]')
2020-08-30 12:55:40,458 - logger.py -  INFO - 测试模块--提交Bug功能--:点击元素('xpath', '//*[@id="module_chosen"]/div/ul/li[5]')
2020-08-30 12:55:40,509 - logger.py -  INFO - 测试模块--提交Bug功能--:查找元素:('css selector', '#openedBuild_chosen')
2020-08-30 12:55:40,520 - logger.py -  INFO - 测试模块--提交Bug功能--:点击元素('css selector', '#openedBuild_chosen')
2020-08-30 12:55:40,561 - logger.py -  INFO - 测试模块--提交Bug功能--:查找元素:('xpath', '//*[@id="openedBuild_chosen"]/div/ul/li')
2020-08-30 12:55:40,570 - logger.py -  INFO - 测试模块--提交Bug功能--:点击元素('xpath', '//*[@id="openedBuild_chosen"]/div/ul/li')
2020-08-30 12:55:40,636 - logger.py -  INFO - 测试模块--提交Bug功能--:查找元素:('css selector', '#deadline')
2020-08-30 12:55:40,650 - logger.py -  INFO - 测试模块--提交Bug功能--:点击元素('css selector', '#deadline')
2020-08-30 12:55:40,694 - logger.py -  INFO - 测试模块--提交Bug功能--:查找元素:('css selector', '#title')
2020-08-30 12:55:40,707 - logger.py -  INFO - 测试模块--提交Bug功能--:元素('css selector', '#title')中输入第四个bug
2020-08-30 12:55:40,770 - logger.py -  INFO - 测试模块--提交Bug功能--:查找元素:('xpath', '//*[@id="dataform"]/table/tbody/tr[5]/td/div/div[2]/div/div[1]/button')
2020-08-30 12:55:40,780 - logger.py -  INFO - 测试模块--提交Bug功能--:点击元素('xpath', '//*[@id="dataform"]/table/tbody/tr[5]/td/div/div[2]/div/div[1]/button')
2020-08-30 12:55:40,824 - logger.py -  INFO - 测试模块--提交Bug功能--:查找元素:('xpath', '//*[@id="dataform"]/table/tbody/tr[5]/td/div/div[2]/div/div[1]/ul/li[1]/a/span')
2020-08-30 12:55:40,835 - logger.py -  INFO - 测试模块--提交Bug功能--:点击元素('xpath', '//*[@id="dataform"]/table/tbody/tr[5]/td/div/div[2]/div/div[1]/ul/li[1]/a/span')
2020-08-30 12:55:40,876 - logger.py -  INFO - :查找元素:('css selector', '#submit')
2020-08-30 12:55:40,884 - logger.py -  INFO - :点击元素('css selector', '#submit')
2020-08-30 12:55:40,928 - logger.py -  INFO - :查找元素:('xpath', '//*[@id="bugList"]/tbody/tr/td[4]/a')
