2020-08-29 23:25:44,266 - logger.py -  INFO - 测试模块--提交Bug功能--:查找元素:('xpath', '//*[@id="mainmenu"]/ul/li[4]/a')
2020-08-29 23:25:45,649 - logger.py -  INFO - 测试模块--提交Bug功能--:点击元素('xpath', '//*[@id="mainmenu"]/ul/li[4]/a')
2020-08-29 23:25:45,796 - logger.py -  INFO - 测试模块--提交Bug功能--:查找元素:('xpath', '//*[@id="modulemenu"]/ul/li[2]/a')
2020-08-29 23:25:45,806 - logger.py -  INFO - 测试模块--提交Bug功能--:点击元素('xpath', '//*[@id="modulemenu"]/ul/li[2]/a')
2020-08-29 23:25:45,986 - logger.py -  INFO - 测试模块--提交Bug功能--:查找元素:('xpath', '//*[@id="createActionMenu"]/a')
2020-08-29 23:25:45,995 - logger.py -  INFO - 测试模块--提交Bug功能--:点击元素('xpath', '//*[@id="createActionMenu"]/a')
2020-08-29 23:25:46,493 - logger.py -  INFO - 测试模块--提交Bug功能--:查找元素:('css selector', '#module_chosen')
2020-08-29 23:25:46,508 - logger.py -  INFO - 测试模块--提交Bug功能--:点击元素('css selector', '#module_chosen')
2020-08-29 23:25:46,564 - logger.py -  INFO - 测试模块--提交Bug功能--:查找元素:('xpath', '//*[@id="module_chosen"]/div/ul/li[5]')
2020-08-29 23:25:46,572 - logger.py -  INFO - 测试模块--提交Bug功能--:点击元素('xpath', '//*[@id="module_chosen"]/div/ul/li[5]')
2020-08-29 23:25:46,623 - logger.py -  INFO - 测试模块--提交Bug功能--:查找元素:('css selector', '#openedBuild_chosen')
2020-08-29 23:25:46,633 - logger.py -  INFO - 测试模块--提交Bug功能--:点击元素('css selector', '#openedBuild_chosen')
2020-08-29 23:25:46,671 - logger.py -  INFO - 测试模块--提交Bug功能--:查找元素:('xpath', '//*[@id="openedBuild_chosen"]/div/ul/li')
2020-08-29 23:25:46,682 - logger.py -  INFO - 测试模块--提交Bug功能--:点击元素('xpath', '//*[@id="openedBuild_chosen"]/div/ul/li')
2020-08-29 23:25:46,720 - logger.py -  INFO - 测试模块--提交Bug功能--:查找元素:('css selector', '#deadline')
2020-08-29 23:25:46,732 - logger.py -  INFO - 测试模块--提交Bug功能--:点击元素('css selector', '#deadline')
2020-08-29 23:25:46,799 - logger.py -  INFO - 测试模块--提交Bug功能--:查找元素:('css selector', '#title')
2020-08-29 23:25:46,807 - logger.py -  INFO - 测试模块--提交Bug功能--:元素('css selector', '#title')中输入第四个bug
2020-08-29 23:25:46,873 - logger.py -  INFO - 测试模块--提交Bug功能--:查找元素:('xpath', '//*[@id="dataform"]/table/tbody/tr[5]/td/div/div[2]/div/div[1]/button')
2020-08-29 23:25:46,883 - logger.py -  INFO - 测试模块--提交Bug功能--:点击元素('xpath', '//*[@id="dataform"]/table/tbody/tr[5]/td/div/div[2]/div/div[1]/button')
2020-08-29 23:25:46,923 - logger.py -  INFO - 测试模块--提交Bug功能--:查找元素:('xpath', '//*[@id="dataform"]/table/tbody/tr[5]/td/div/div[2]/div/div[1]/ul/li[1]/a/span')
2020-08-29 23:25:46,934 - logger.py -  INFO - 测试模块--提交Bug功能--:点击元素('xpath', '//*[@id="dataform"]/table/tbody/tr[5]/td/div/div[2]/div/div[1]/ul/li[1]/a/span')
2020-08-29 23:25:46,972 - logger.py -  INFO - :查找元素:('css selector', '#submit')
2020-08-29 23:25:46,980 - logger.py -  INFO - :点击元素('css selector', '#submit')
2020-08-29 23:25:47,032 - logger.py -  INFO - :查找元素:('xpath', '//*[@id="bugList"]/tbody/tr/td[4]/a')
