2020-08-30 12:34:01,358 - logger.py -  INFO - 测试模块--提交Bug功能--:查找元素:('xpath', '//*[@id="mainmenu"]/ul/li[4]/a')
2020-08-30 12:34:02,654 - logger.py -  INFO - 测试模块--提交Bug功能--:点击元素('xpath', '//*[@id="mainmenu"]/ul/li[4]/a')
2020-08-30 12:34:02,815 - logger.py -  INFO - 测试模块--提交Bug功能--:查找元素:('xpath', '//*[@id="modulemenu"]/ul/li[2]/a')
2020-08-30 12:34:02,826 - logger.py -  INFO - 测试模块--提交Bug功能--:点击元素('xpath', '//*[@id="modulemenu"]/ul/li[2]/a')
2020-08-30 12:34:03,083 - logger.py -  INFO - 测试模块--提交Bug功能--:查找元素:('xpath', '//*[@id="createActionMenu"]/a')
2020-08-30 12:34:03,105 - logger.py -  INFO - 测试模块--提交Bug功能--:点击元素('xpath', '//*[@id="createActionMenu"]/a')
2020-08-30 12:34:03,585 - logger.py -  INFO - 测试模块--提交Bug功能--:查找元素:('css selector', '#module_chosen')
2020-08-30 12:34:03,596 - logger.py -  INFO - 测试模块--提交Bug功能--:点击元素('css selector', '#module_chosen')
2020-08-30 12:34:03,647 - logger.py -  INFO - 测试模块--提交Bug功能--:查找元素:('xpath', '//*[@id="module_chosen"]/div/ul/li[5]')
2020-08-30 12:34:03,661 - logger.py -  INFO - 测试模块--提交Bug功能--:点击元素('xpath', '//*[@id="module_chosen"]/div/ul/li[5]')
2020-08-30 12:34:03,746 - logger.py -  INFO - 测试模块--提交Bug功能--:查找元素:('css selector', '#openedBuild_chosen')
2020-08-30 12:34:03,755 - logger.py -  INFO - 测试模块--提交Bug功能--:点击元素('css selector', '#openedBuild_chosen')
2020-08-30 12:34:03,799 - logger.py -  INFO - 测试模块--提交Bug功能--:查找元素:('xpath', '//*[@id="openedBuild_chosen"]/div/ul/li')
2020-08-30 12:34:03,813 - logger.py -  INFO - 测试模块--提交Bug功能--:点击元素('xpath', '//*[@id="openedBuild_chosen"]/div/ul/li')
2020-08-30 12:34:03,859 - logger.py -  INFO - 测试模块--提交Bug功能--:查找元素:('css selector', '#deadline')
2020-08-30 12:34:03,869 - logger.py -  INFO - 测试模块--提交Bug功能--:点击元素('css selector', '#deadline')
2020-08-30 12:34:03,912 - logger.py -  INFO - 测试模块--提交Bug功能--:查找元素:('css selector', '#title')
2020-08-30 12:34:03,922 - logger.py -  INFO - 测试模块--提交Bug功能--:元素('css selector', '#title')中输入第四个bug
2020-08-30 12:34:03,985 - logger.py -  INFO - 测试模块--提交Bug功能--:查找元素:('xpath', '//*[@id="dataform"]/table/tbody/tr[5]/td/div/div[2]/div/div[1]/button')
2020-08-30 12:34:03,993 - logger.py -  INFO - 测试模块--提交Bug功能--:点击元素('xpath', '//*[@id="dataform"]/table/tbody/tr[5]/td/div/div[2]/div/div[1]/button')
2020-08-30 12:34:04,060 - logger.py -  INFO - 测试模块--提交Bug功能--:查找元素:('xpath', '//*[@id="dataform"]/table/tbody/tr[5]/td/div/div[2]/div/div[1]/ul/li[1]/a/span')
2020-08-30 12:34:04,070 - logger.py -  INFO - 测试模块--提交Bug功能--:点击元素('xpath', '//*[@id="dataform"]/table/tbody/tr[5]/td/div/div[2]/div/div[1]/ul/li[1]/a/span')
2020-08-30 12:34:04,111 - logger.py -  INFO - :查找元素:('css selector', '#submit')
2020-08-30 12:34:04,118 - logger.py -  INFO - :点击元素('css selector', '#submit')
2020-08-30 12:34:04,169 - logger.py -  INFO - :查找元素:('xpath', '//*[@id="bugList"]/tbody/tr/td[4]/a')
